<?xml version="1.0" encoding="UTF-8"?>
<testng-results ignored="0" total="1" passed="1" failed="0" skipped="0">
  <reporter-output>
  </reporter-output>
  <suite started-at="2022-08-29T22:56:16 EET" name="Interview Suite" finished-at="2022-08-29T22:56:20 EET" duration-ms="4153">
    <groups>
    </groups>
    <test started-at="2022-08-29T22:56:16 EET" name="Checkout Test" finished-at="2022-08-29T22:56:20 EET" duration-ms="4153">
      <class name="seleniumInterview.InterviewTest">
        <test-method is-config="true" signature="setUp()[pri:0, instance:seleniumInterview.InterviewTest@223f3642]" started-at="2022-08-29T22:56:11 EET" name="setUp" finished-at="2022-08-29T22:56:16 EET" duration-ms="4747" status="PASS">
          <reporter-output>
          </reporter-output>
        </test-method> <!-- setUp -->
        <test-method signature="verifyCheckout()[pri:0, instance:seleniumInterview.InterviewTest@223f3642]" started-at="2022-08-29T22:56:16 EET" name="verifyCheckout" finished-at="2022-08-29T22:56:20 EET" duration-ms="4079" status="PASS">
          <reporter-output>
          </reporter-output>
        </test-method> <!-- verifyCheckout -->
      </class> <!-- seleniumInterview.InterviewTest -->
    </test> <!-- Checkout Test -->
  </suite> <!-- Interview Suite -->
</testng-results>
