<?xml version="1.0" encoding="UTF-8"?>
<testng-results ignored="0" total="1" passed="1" failed="0" skipped="0">
  <reporter-output>
  </reporter-output>
  <suite started-at="2022-08-29T13:57:42 EET" name="Default suite" finished-at="2022-08-29T13:57:42 EET" duration-ms="532">
    <groups>
    </groups>
    <test started-at="2022-08-29T13:57:42 EET" name="Default test" finished-at="2022-08-29T13:57:42 EET" duration-ms="532">
      <class name="seleniumInterview.InterviewTest">
        <test-method is-config="true" signature="setUp()[pri:0, instance:seleniumInterview.InterviewTest@49ec71f8]" started-at="2022-08-29T13:57:38 EET" name="setUp" finished-at="2022-08-29T13:57:42 EET" duration-ms="4287" status="PASS">
          <reporter-output>
          </reporter-output>
        </test-method> <!-- setUp -->
        <test-method signature="verifyCheckout()[pri:0, instance:seleniumInterview.InterviewTest@49ec71f8]" started-at="2022-08-29T13:57:42 EET" name="verifyCheckout" finished-at="2022-08-29T13:57:42 EET" duration-ms="505" status="PASS">
          <reporter-output>
          </reporter-output>
        </test-method> <!-- verifyCheckout -->
      </class> <!-- seleniumInterview.InterviewTest -->
    </test> <!-- Default test -->
  </suite> <!-- Default suite -->
</testng-results>
